<?xml version="1.0" encoding="UTF-8"?>
<!-- Generated by org.testng.reporters.JUnitXMLReporter -->
<testsuite ignored="0" hostname="LAPTOP-58AJTKDU" failures="0" tests="3" name="Default test" time="0.083" errors="0" timestamp="2022-05-26T16:29:31 IST">
  <testcase classname="TestNG_Annotation.Class2" name="testcasesB" time="0.009"/>
  <testcase classname="TestNG_Annotation.Class2" name="testcasesC" time="0.001"/>
  <testcase classname="TestNG_Annotation.Class2" name="testcasesA" time="0.002"/>
</testsuite> <!-- Default test -->
